<?xml version="1.0" encoding="UTF-8"?>
<testsuite xmlns:xsi="http://www.w3.org/2001/XMLSchema-instance" xsi:noNamespaceSchemaLocation="https://maven.apache.org/surefire/maven-surefire-plugin/xsd/surefire-test-report-3.0.xsd" version="3.0" name="pageObjectDemo.PageObjectGoogleTest" time="2.464" tests="1" errors="0" skipped="0" failures="0">
  <properties>
    <property name="sun.desktop" value="gnome"/>
    <property name="awt.toolkit" value="sun.awt.X11.XToolkit"/>
    <property name="java.specification.version" value="13"/>
    <property name="sun.jnu.encoding" value="UTF-8"/>
    <property name="java.class.path" value="/home/mateusz/TravisTestSh/target/test-classes:/home/mateusz/TravisTestSh/target/classes:/home/mateusz/.m2/repository/org/junit/jupiter/junit-jupiter-engine/5.4.0/junit-jupiter-engine-5.4.0.jar:/home/mateusz/.m2/repository/org/apiguardian/apiguardian-api/1.0.0/apiguardian-api-1.0.0.jar:/home/mateusz/.m2/repository/org/junit/platform/junit-platform-engine/1.4.0/junit-platform-engine-1.4.0.jar:/home/mateusz/.m2/repository/org/opentest4j/opentest4j/1.1.1/opentest4j-1.1.1.jar:/home/mateusz/.m2/repository/org/junit/platform/junit-platform-commons/1.4.0/junit-platform-commons-1.4.0.jar:/home/mateusz/.m2/repository/org/junit/jupiter/junit-jupiter-api/5.4.0/junit-jupiter-api-5.4.0.jar:/home/mateusz/.m2/repository/org/junit/vintage/junit-vintage-engine/5.4.0/junit-vintage-engine-5.4.0.jar:/home/mateusz/.m2/repository/junit/junit/4.12/junit-4.12.jar:/home/mateusz/.m2/repository/org/hamcrest/hamcrest-core/1.3/hamcrest-core-1.3.jar:/home/mateusz/.m2/repository/org/junit/platform/junit-platform-launcher/1.2.0/junit-platform-launcher-1.2.0.jar:/home/mateusz/.m2/repository/org/seleniumhq/selenium/selenium-java/3.141.59/selenium-java-3.141.59.jar:/home/mateusz/.m2/repository/org/seleniumhq/selenium/selenium-api/3.141.59/selenium-api-3.141.59.jar:/home/mateusz/.m2/repository/org/seleniumhq/selenium/selenium-chrome-driver/3.141.59/selenium-chrome-driver-3.141.59.jar:/home/mateusz/.m2/repository/org/seleniumhq/selenium/selenium-edge-driver/3.141.59/selenium-edge-driver-3.141.59.jar:/home/mateusz/.m2/repository/org/seleniumhq/selenium/selenium-firefox-driver/3.141.59/selenium-firefox-driver-3.141.59.jar:/home/mateusz/.m2/repository/org/seleniumhq/selenium/selenium-ie-driver/3.141.59/selenium-ie-driver-3.141.59.jar:/home/mateusz/.m2/repository/org/seleniumhq/selenium/selenium-opera-driver/3.141.59/selenium-opera-driver-3.141.59.jar:/home/mateusz/.m2/repository/org/seleniumhq/selenium/selenium-remote-driver/3.141.59/selenium-remote-driver-3.141.59.jar:/home/mateusz/.m2/repository/org/seleniumhq/selenium/selenium-safari-driver/3.141.59/selenium-safari-driver-3.141.59.jar:/home/mateusz/.m2/repository/org/seleniumhq/selenium/selenium-support/3.141.59/selenium-support-3.141.59.jar:/home/mateusz/.m2/repository/net/bytebuddy/byte-buddy/1.8.15/byte-buddy-1.8.15.jar:/home/mateusz/.m2/repository/org/apache/commons/commons-exec/1.3/commons-exec-1.3.jar:/home/mateusz/.m2/repository/com/google/guava/guava/25.0-jre/guava-25.0-jre.jar:/home/mateusz/.m2/repository/com/google/code/findbugs/jsr305/1.3.9/jsr305-1.3.9.jar:/home/mateusz/.m2/repository/org/checkerframework/checker-compat-qual/2.0.0/checker-compat-qual-2.0.0.jar:/home/mateusz/.m2/repository/com/google/errorprone/error_prone_annotations/2.1.3/error_prone_annotations-2.1.3.jar:/home/mateusz/.m2/repository/com/google/j2objc/j2objc-annotations/1.1/j2objc-annotations-1.1.jar:/home/mateusz/.m2/repository/org/codehaus/mojo/animal-sniffer-annotations/1.14/animal-sniffer-annotations-1.14.jar:/home/mateusz/.m2/repository/com/squareup/okhttp3/okhttp/3.11.0/okhttp-3.11.0.jar:/home/mateusz/.m2/repository/com/squareup/okio/okio/1.14.0/okio-1.14.0.jar:/home/mateusz/.m2/repository/org/seleniumhq/selenium/selenium-server/3.141.59/selenium-server-3.141.59.jar:/home/mateusz/.m2/repository/com/beust/jcommander/1.72/jcommander-1.72.jar:/home/mateusz/.m2/repository/net/jcip/jcip-annotations/1.0/jcip-annotations-1.0.jar:/home/mateusz/.m2/repository/org/seleniumhq/selenium/jetty-repacked/9.4.12.v20180830/jetty-repacked-9.4.12.v20180830.jar:/home/mateusz/.m2/repository/javax/servlet/javax.servlet-api/3.1.0/javax.servlet-api-3.1.0.jar:/home/mateusz/.m2/repository/org/yaml/snakeyaml/1.19/snakeyaml-1.19.jar:/home/mateusz/.m2/repository/io/github/bonigarcia/selenium-jupiter/3.2.0/selenium-jupiter-3.2.0.jar:/home/mateusz/.m2/repository/io/appium/java-client/7.0.0/java-client-7.0.0.jar:/home/mateusz/.m2/repository/cglib/cglib/3.2.8/cglib-3.2.8.jar:/home/mateusz/.m2/repository/org/ow2/asm/asm/6.2.1/asm-6.2.1.jar:/home/mateusz/.m2/repository/org/apache/ant/ant/1.10.3/ant-1.10.3.jar:/home/mateusz/.m2/repository/org/apache/ant/ant-launcher/1.10.3/ant-launcher-1.10.3.jar:/home/mateusz/.m2/repository/commons-validator/commons-validator/1.6/commons-validator-1.6.jar:/home/mateusz/.m2/repository/commons-beanutils/commons-beanutils/1.9.2/commons-beanutils-1.9.2.jar:/home/mateusz/.m2/repository/commons-digester/commons-digester/1.8.1/commons-digester-1.8.1.jar:/home/mateusz/.m2/repository/commons-collections/commons-collections/3.2.2/commons-collections-3.2.2.jar:/home/mateusz/.m2/repository/org/springframework/spring-context/5.1.0.RELEASE/spring-context-5.1.0.RELEASE.jar:/home/mateusz/.m2/repository/org/springframework/spring-aop/5.1.0.RELEASE/spring-aop-5.1.0.RELEASE.jar:/home/mateusz/.m2/repository/org/springframework/spring-beans/5.1.0.RELEASE/spring-beans-5.1.0.RELEASE.jar:/home/mateusz/.m2/repository/org/springframework/spring-core/5.1.0.RELEASE/spring-core-5.1.0.RELEASE.jar:/home/mateusz/.m2/repository/org/springframework/spring-jcl/5.1.0.RELEASE/spring-jcl-5.1.0.RELEASE.jar:/home/mateusz/.m2/repository/org/springframework/spring-expression/5.1.0.RELEASE/spring-expression-5.1.0.RELEASE.jar:/home/mateusz/.m2/repository/org/aspectj/aspectjweaver/1.9.1/aspectjweaver-1.9.1.jar:/home/mateusz/.m2/repository/com/spotify/docker-client/8.15.1/docker-client-8.15.1.jar:/home/mateusz/.m2/repository/com/fasterxml/jackson/jaxrs/jackson-jaxrs-json-provider/2.9.8/jackson-jaxrs-json-provider-2.9.8.jar:/home/mateusz/.m2/repository/com/fasterxml/jackson/jaxrs/jackson-jaxrs-base/2.9.8/jackson-jaxrs-base-2.9.8.jar:/home/mateusz/.m2/repository/com/fasterxml/jackson/module/jackson-module-jaxb-annotations/2.9.8/jackson-module-jaxb-annotations-2.9.8.jar:/home/mateusz/.m2/repository/com/fasterxml/jackson/datatype/jackson-datatype-guava/2.9.8/jackson-datatype-guava-2.9.8.jar:/home/mateusz/.m2/repository/com/fasterxml/jackson/core/jackson-core/2.9.8/jackson-core-2.9.8.jar:/home/mateusz/.m2/repository/com/fasterxml/jackson/core/jackson-databind/2.9.8/jackson-databind-2.9.8.jar:/home/mateusz/.m2/repository/com/fasterxml/jackson/core/jackson-annotations/2.9.0/jackson-annotations-2.9.0.jar:/home/mateusz/.m2/repository/org/glassfish/jersey/core/jersey-client/2.22.2/jersey-client-2.22.2.jar:/home/mateusz/.m2/repository/javax/ws/rs/javax.ws.rs-api/2.0.1/javax.ws.rs-api-2.0.1.jar:/home/mateusz/.m2/repository/org/glassfish/jersey/core/jersey-common/2.22.2/jersey-common-2.22.2.jar:/home/mateusz/.m2/repository/javax/annotation/javax.annotation-api/1.2/javax.annotation-api-1.2.jar:/home/mateusz/.m2/repository/org/glassfish/jersey/bundles/repackaged/jersey-guava/2.22.2/jersey-guava-2.22.2.jar:/home/mateusz/.m2/repository/org/glassfish/hk2/osgi-resource-locator/1.0.1/osgi-resource-locator-1.0.1.jar:/home/mateusz/.m2/repository/org/glassfish/hk2/hk2-api/2.4.0-b34/hk2-api-2.4.0-b34.jar:/home/mateusz/.m2/repository/org/glassfish/hk2/hk2-utils/2.4.0-b34/hk2-utils-2.4.0-b34.jar:/home/mateusz/.m2/repository/org/glassfish/hk2/external/aopalliance-repackaged/2.4.0-b34/aopalliance-repackaged-2.4.0-b34.jar:/home/mateusz/.m2/repository/org/glassfish/hk2/external/javax.inject/2.4.0-b34/javax.inject-2.4.0-b34.jar:/home/mateusz/.m2/repository/org/glassfish/hk2/hk2-locator/2.4.0-b34/hk2-locator-2.4.0-b34.jar:/home/mateusz/.m2/repository/org/javassist/javassist/3.18.1-GA/javassist-3.18.1-GA.jar:/home/mateusz/.m2/repository/org/glassfish/jersey/connectors/jersey-apache-connector/2.22.2/jersey-apache-connector-2.22.2.jar:/home/mateusz/.m2/repository/org/glassfish/jersey/media/jersey-media-json-jackson/2.22.2/jersey-media-json-jackson-2.22.2.jar:/home/mateusz/.m2/repository/org/glassfish/jersey/ext/jersey-entity-filtering/2.22.2/jersey-entity-filtering-2.22.2.jar:/home/mateusz/.m2/repository/javax/activation/activation/1.1/activation-1.1.jar:/home/mateusz/.m2/repository/org/apache/commons/commons-compress/1.18/commons-compress-1.18.jar:/home/mateusz/.m2/repository/org/apache/httpcomponents/httpcore/4.4.5/httpcore-4.4.5.jar:/home/mateusz/.m2/repository/com/github/jnr/jnr-unixsocket/0.18/jnr-unixsocket-0.18.jar:/home/mateusz/.m2/repository/com/github/jnr/jnr-ffi/2.1.4/jnr-ffi-2.1.4.jar:/home/mateusz/.m2/repository/com/github/jnr/jffi/1.2.15/jffi-1.2.15.jar:/home/mateusz/.m2/repository/com/github/jnr/jffi/1.2.15/jffi-1.2.15-native.jar:/home/mateusz/.m2/repository/org/ow2/asm/asm-commons/5.0.3/asm-commons-5.0.3.jar:/home/mateusz/.m2/repository/org/ow2/asm/asm-analysis/5.0.3/asm-analysis-5.0.3.jar:/home/mateusz/.m2/repository/org/ow2/asm/asm-tree/5.0.3/asm-tree-5.0.3.jar:/home/mateusz/.m2/repository/org/ow2/asm/asm-util/5.0.3/asm-util-5.0.3.jar:/home/mateusz/.m2/repository/com/github/jnr/jnr-x86asm/1.0.2/jnr-x86asm-1.0.2.jar:/home/mateusz/.m2/repository/com/github/jnr/jnr-constants/0.9.8/jnr-constants-0.9.8.jar:/home/mateusz/.m2/repository/com/github/jnr/jnr-enxio/0.16/jnr-enxio-0.16.jar:/home/mateusz/.m2/repository/com/github/jnr/jnr-posix/3.0.35/jnr-posix-3.0.35.jar:/home/mateusz/.m2/repository/commons-lang/commons-lang/2.6/commons-lang-2.6.jar:/home/mateusz/.m2/repository/org/bouncycastle/bcpkix-jdk15on/1.60/bcpkix-jdk15on-1.60.jar:/home/mateusz/.m2/repository/org/bouncycastle/bcprov-jdk15on/1.60/bcprov-jdk15on-1.60.jar:/home/mateusz/.m2/repository/com/codeborne/phantomjsdriver/1.4.4/phantomjsdriver-1.4.4.jar:/home/mateusz/.m2/repository/org/slf4j/slf4j-api/1.7.25/slf4j-api-1.7.25.jar:/home/mateusz/.m2/repository/ch/qos/logback/logback-classic/1.2.3/logback-classic-1.2.3.jar:/home/mateusz/.m2/repository/ch/qos/logback/logback-core/1.2.3/logback-core-1.2.3.jar:/home/mateusz/.m2/repository/com/squareup/retrofit2/retrofit/2.5.0/retrofit-2.5.0.jar:/home/mateusz/.m2/repository/com/squareup/retrofit2/adapter-rxjava/2.5.0/adapter-rxjava-2.5.0.jar:/home/mateusz/.m2/repository/io/reactivex/rxjava/1.3.0/rxjava-1.3.0.jar:/home/mateusz/.m2/repository/com/squareup/retrofit2/converter-gson/2.5.0/converter-gson-2.5.0.jar:/home/mateusz/.m2/repository/io/github/bonigarcia/webdrivermanager/3.4.0/webdrivermanager-3.4.0.jar:/home/mateusz/.m2/repository/commons-io/commons-io/2.6/commons-io-2.6.jar:/home/mateusz/.m2/repository/com/google/code/gson/gson/2.8.5/gson-2.8.5.jar:/home/mateusz/.m2/repository/org/apache/commons/commons-lang3/3.8.1/commons-lang3-3.8.1.jar:/home/mateusz/.m2/repository/org/apache/httpcomponents/httpclient/4.5.6/httpclient-4.5.6.jar:/home/mateusz/.m2/repository/commons-logging/commons-logging/1.2/commons-logging-1.2.jar:/home/mateusz/.m2/repository/commons-codec/commons-codec/1.10/commons-codec-1.10.jar:/home/mateusz/.m2/repository/org/rauschig/jarchivelib/1.0.0/jarchivelib-1.0.0.jar:/home/mateusz/.m2/repository/org/jsoup/jsoup/1.11.3/jsoup-1.11.3.jar:/home/mateusz/.m2/repository/org/seleniumhq/selenium/htmlunit-driver/2.35.1/htmlunit-driver-2.35.1.jar:/home/mateusz/.m2/repository/net/sourceforge/htmlunit/htmlunit/2.35.0/htmlunit-2.35.0.jar:/home/mateusz/.m2/repository/xalan/xalan/2.7.2/xalan-2.7.2.jar:/home/mateusz/.m2/repository/xalan/serializer/2.7.2/serializer-2.7.2.jar:/home/mateusz/.m2/repository/org/apache/commons/commons-text/1.6/commons-text-1.6.jar:/home/mateusz/.m2/repository/org/apache/httpcomponents/httpmime/4.5.8/httpmime-4.5.8.jar:/home/mateusz/.m2/repository/net/sourceforge/htmlunit/htmlunit-core-js/2.35.0/htmlunit-core-js-2.35.0.jar:/home/mateusz/.m2/repository/net/sourceforge/htmlunit/neko-htmlunit/2.35.0/neko-htmlunit-2.35.0.jar:/home/mateusz/.m2/repository/xerces/xercesImpl/2.12.0/xercesImpl-2.12.0.jar:/home/mateusz/.m2/repository/xml-apis/xml-apis/1.4.01/xml-apis-1.4.01.jar:/home/mateusz/.m2/repository/net/sourceforge/htmlunit/htmlunit-cssparser/1.4.0/htmlunit-cssparser-1.4.0.jar:/home/mateusz/.m2/repository/commons-net/commons-net/3.6/commons-net-3.6.jar:/home/mateusz/.m2/repository/org/eclipse/jetty/websocket/websocket-client/9.4.16.v20190411/websocket-client-9.4.16.v20190411.jar:/home/mateusz/.m2/repository/org/eclipse/jetty/jetty-client/9.4.16.v20190411/jetty-client-9.4.16.v20190411.jar:/home/mateusz/.m2/repository/org/eclipse/jetty/jetty-http/9.4.16.v20190411/jetty-http-9.4.16.v20190411.jar:/home/mateusz/.m2/repository/org/eclipse/jetty/jetty-xml/9.4.16.v20190411/jetty-xml-9.4.16.v20190411.jar:/home/mateusz/.m2/repository/org/eclipse/jetty/jetty-util/9.4.16.v20190411/jetty-util-9.4.16.v20190411.jar:/home/mateusz/.m2/repository/org/eclipse/jetty/jetty-io/9.4.16.v20190411/jetty-io-9.4.16.v20190411.jar:/home/mateusz/.m2/repository/org/eclipse/jetty/websocket/websocket-common/9.4.16.v20190411/websocket-common-9.4.16.v20190411.jar:/home/mateusz/.m2/repository/org/eclipse/jetty/websocket/websocket-api/9.4.16.v20190411/websocket-api-9.4.16.v20190411.jar:"/>
    <property name="java.vm.vendor" value="Ubuntu"/>
    <property name="sun.arch.data.model" value="64"/>
    <property name="java.vendor.url" value="https://launchpad.net/ubuntu/+source/openjdk-13"/>
    <property name="os.name" value="Linux"/>
    <property name="java.vm.specification.version" value="13"/>
    <property name="sun.java.launcher" value="SUN_STANDARD"/>
    <property name="user.country" value="PL"/>
    <property name="sun.boot.library.path" value="/usr/lib/jvm/java-13-openjdk-amd64/lib"/>
    <property name="sun.java.command" value="/home/mateusz/TravisTestSh/target/surefire/surefirebooter4808703491886030491.jar /home/mateusz/TravisTestSh/target/surefire 2019-05-12T00-32-20_878-jvmRun1 surefire8536519820386219190tmp surefire_011506788821085466697tmp"/>
    <property name="jdk.debug" value="release"/>
    <property name="surefire.test.class.path" value="/home/mateusz/TravisTestSh/target/test-classes:/home/mateusz/TravisTestSh/target/classes:/home/mateusz/.m2/repository/org/junit/jupiter/junit-jupiter-engine/5.4.0/junit-jupiter-engine-5.4.0.jar:/home/mateusz/.m2/repository/org/apiguardian/apiguardian-api/1.0.0/apiguardian-api-1.0.0.jar:/home/mateusz/.m2/repository/org/junit/platform/junit-platform-engine/1.4.0/junit-platform-engine-1.4.0.jar:/home/mateusz/.m2/repository/org/opentest4j/opentest4j/1.1.1/opentest4j-1.1.1.jar:/home/mateusz/.m2/repository/org/junit/platform/junit-platform-commons/1.4.0/junit-platform-commons-1.4.0.jar:/home/mateusz/.m2/repository/org/junit/jupiter/junit-jupiter-api/5.4.0/junit-jupiter-api-5.4.0.jar:/home/mateusz/.m2/repository/org/junit/vintage/junit-vintage-engine/5.4.0/junit-vintage-engine-5.4.0.jar:/home/mateusz/.m2/repository/junit/junit/4.12/junit-4.12.jar:/home/mateusz/.m2/repository/org/hamcrest/hamcrest-core/1.3/hamcrest-core-1.3.jar:/home/mateusz/.m2/repository/org/junit/platform/junit-platform-launcher/1.2.0/junit-platform-launcher-1.2.0.jar:/home/mateusz/.m2/repository/org/seleniumhq/selenium/selenium-java/3.141.59/selenium-java-3.141.59.jar:/home/mateusz/.m2/repository/org/seleniumhq/selenium/selenium-api/3.141.59/selenium-api-3.141.59.jar:/home/mateusz/.m2/repository/org/seleniumhq/selenium/selenium-chrome-driver/3.141.59/selenium-chrome-driver-3.141.59.jar:/home/mateusz/.m2/repository/org/seleniumhq/selenium/selenium-edge-driver/3.141.59/selenium-edge-driver-3.141.59.jar:/home/mateusz/.m2/repository/org/seleniumhq/selenium/selenium-firefox-driver/3.141.59/selenium-firefox-driver-3.141.59.jar:/home/mateusz/.m2/repository/org/seleniumhq/selenium/selenium-ie-driver/3.141.59/selenium-ie-driver-3.141.59.jar:/home/mateusz/.m2/repository/org/seleniumhq/selenium/selenium-opera-driver/3.141.59/selenium-opera-driver-3.141.59.jar:/home/mateusz/.m2/repository/org/seleniumhq/selenium/selenium-remote-driver/3.141.59/selenium-remote-driver-3.141.59.jar:/home/mateusz/.m2/repository/org/seleniumhq/selenium/selenium-safari-driver/3.141.59/selenium-safari-driver-3.141.59.jar:/home/mateusz/.m2/repository/org/seleniumhq/selenium/selenium-support/3.141.59/selenium-support-3.141.59.jar:/home/mateusz/.m2/repository/net/bytebuddy/byte-buddy/1.8.15/byte-buddy-1.8.15.jar:/home/mateusz/.m2/repository/org/apache/commons/commons-exec/1.3/commons-exec-1.3.jar:/home/mateusz/.m2/repository/com/google/guava/guava/25.0-jre/guava-25.0-jre.jar:/home/mateusz/.m2/repository/com/google/code/findbugs/jsr305/1.3.9/jsr305-1.3.9.jar:/home/mateusz/.m2/repository/org/checkerframework/checker-compat-qual/2.0.0/checker-compat-qual-2.0.0.jar:/home/mateusz/.m2/repository/com/google/errorprone/error_prone_annotations/2.1.3/error_prone_annotations-2.1.3.jar:/home/mateusz/.m2/repository/com/google/j2objc/j2objc-annotations/1.1/j2objc-annotations-1.1.jar:/home/mateusz/.m2/repository/org/codehaus/mojo/animal-sniffer-annotations/1.14/animal-sniffer-annotations-1.14.jar:/home/mateusz/.m2/repository/com/squareup/okhttp3/okhttp/3.11.0/okhttp-3.11.0.jar:/home/mateusz/.m2/repository/com/squareup/okio/okio/1.14.0/okio-1.14.0.jar:/home/mateusz/.m2/repository/org/seleniumhq/selenium/selenium-server/3.141.59/selenium-server-3.141.59.jar:/home/mateusz/.m2/repository/com/beust/jcommander/1.72/jcommander-1.72.jar:/home/mateusz/.m2/repository/net/jcip/jcip-annotations/1.0/jcip-annotations-1.0.jar:/home/mateusz/.m2/repository/org/seleniumhq/selenium/jetty-repacked/9.4.12.v20180830/jetty-repacked-9.4.12.v20180830.jar:/home/mateusz/.m2/repository/javax/servlet/javax.servlet-api/3.1.0/javax.servlet-api-3.1.0.jar:/home/mateusz/.m2/repository/org/yaml/snakeyaml/1.19/snakeyaml-1.19.jar:/home/mateusz/.m2/repository/io/github/bonigarcia/selenium-jupiter/3.2.0/selenium-jupiter-3.2.0.jar:/home/mateusz/.m2/repository/io/appium/java-client/7.0.0/java-client-7.0.0.jar:/home/mateusz/.m2/repository/cglib/cglib/3.2.8/cglib-3.2.8.jar:/home/mateusz/.m2/repository/org/ow2/asm/asm/6.2.1/asm-6.2.1.jar:/home/mateusz/.m2/repository/org/apache/ant/ant/1.10.3/ant-1.10.3.jar:/home/mateusz/.m2/repository/org/apache/ant/ant-launcher/1.10.3/ant-launcher-1.10.3.jar:/home/mateusz/.m2/repository/commons-validator/commons-validator/1.6/commons-validator-1.6.jar:/home/mateusz/.m2/repository/commons-beanutils/commons-beanutils/1.9.2/commons-beanutils-1.9.2.jar:/home/mateusz/.m2/repository/commons-digester/commons-digester/1.8.1/commons-digester-1.8.1.jar:/home/mateusz/.m2/repository/commons-collections/commons-collections/3.2.2/commons-collections-3.2.2.jar:/home/mateusz/.m2/repository/org/springframework/spring-context/5.1.0.RELEASE/spring-context-5.1.0.RELEASE.jar:/home/mateusz/.m2/repository/org/springframework/spring-aop/5.1.0.RELEASE/spring-aop-5.1.0.RELEASE.jar:/home/mateusz/.m2/repository/org/springframework/spring-beans/5.1.0.RELEASE/spring-beans-5.1.0.RELEASE.jar:/home/mateusz/.m2/repository/org/springframework/spring-core/5.1.0.RELEASE/spring-core-5.1.0.RELEASE.jar:/home/mateusz/.m2/repository/org/springframework/spring-jcl/5.1.0.RELEASE/spring-jcl-5.1.0.RELEASE.jar:/home/mateusz/.m2/repository/org/springframework/spring-expression/5.1.0.RELEASE/spring-expression-5.1.0.RELEASE.jar:/home/mateusz/.m2/repository/org/aspectj/aspectjweaver/1.9.1/aspectjweaver-1.9.1.jar:/home/mateusz/.m2/repository/com/spotify/docker-client/8.15.1/docker-client-8.15.1.jar:/home/mateusz/.m2/repository/com/fasterxml/jackson/jaxrs/jackson-jaxrs-json-provider/2.9.8/jackson-jaxrs-json-provider-2.9.8.jar:/home/mateusz/.m2/repository/com/fasterxml/jackson/jaxrs/jackson-jaxrs-base/2.9.8/jackson-jaxrs-base-2.9.8.jar:/home/mateusz/.m2/repository/com/fasterxml/jackson/module/jackson-module-jaxb-annotations/2.9.8/jackson-module-jaxb-annotations-2.9.8.jar:/home/mateusz/.m2/repository/com/fasterxml/jackson/datatype/jackson-datatype-guava/2.9.8/jackson-datatype-guava-2.9.8.jar:/home/mateusz/.m2/repository/com/fasterxml/jackson/core/jackson-core/2.9.8/jackson-core-2.9.8.jar:/home/mateusz/.m2/repository/com/fasterxml/jackson/core/jackson-databind/2.9.8/jackson-databind-2.9.8.jar:/home/mateusz/.m2/repository/com/fasterxml/jackson/core/jackson-annotations/2.9.0/jackson-annotations-2.9.0.jar:/home/mateusz/.m2/repository/org/glassfish/jersey/core/jersey-client/2.22.2/jersey-client-2.22.2.jar:/home/mateusz/.m2/repository/javax/ws/rs/javax.ws.rs-api/2.0.1/javax.ws.rs-api-2.0.1.jar:/home/mateusz/.m2/repository/org/glassfish/jersey/core/jersey-common/2.22.2/jersey-common-2.22.2.jar:/home/mateusz/.m2/repository/javax/annotation/javax.annotation-api/1.2/javax.annotation-api-1.2.jar:/home/mateusz/.m2/repository/org/glassfish/jersey/bundles/repackaged/jersey-guava/2.22.2/jersey-guava-2.22.2.jar:/home/mateusz/.m2/repository/org/glassfish/hk2/osgi-resource-locator/1.0.1/osgi-resource-locator-1.0.1.jar:/home/mateusz/.m2/repository/org/glassfish/hk2/hk2-api/2.4.0-b34/hk2-api-2.4.0-b34.jar:/home/mateusz/.m2/repository/org/glassfish/hk2/hk2-utils/2.4.0-b34/hk2-utils-2.4.0-b34.jar:/home/mateusz/.m2/repository/org/glassfish/hk2/external/aopalliance-repackaged/2.4.0-b34/aopalliance-repackaged-2.4.0-b34.jar:/home/mateusz/.m2/repository/org/glassfish/hk2/external/javax.inject/2.4.0-b34/javax.inject-2.4.0-b34.jar:/home/mateusz/.m2/repository/org/glassfish/hk2/hk2-locator/2.4.0-b34/hk2-locator-2.4.0-b34.jar:/home/mateusz/.m2/repository/org/javassist/javassist/3.18.1-GA/javassist-3.18.1-GA.jar:/home/mateusz/.m2/repository/org/glassfish/jersey/connectors/jersey-apache-connector/2.22.2/jersey-apache-connector-2.22.2.jar:/home/mateusz/.m2/repository/org/glassfish/jersey/media/jersey-media-json-jackson/2.22.2/jersey-media-json-jackson-2.22.2.jar:/home/mateusz/.m2/repository/org/glassfish/jersey/ext/jersey-entity-filtering/2.22.2/jersey-entity-filtering-2.22.2.jar:/home/mateusz/.m2/repository/javax/activation/activation/1.1/activation-1.1.jar:/home/mateusz/.m2/repository/org/apache/commons/commons-compress/1.18/commons-compress-1.18.jar:/home/mateusz/.m2/repository/org/apache/httpcomponents/httpcore/4.4.5/httpcore-4.4.5.jar:/home/mateusz/.m2/repository/com/github/jnr/jnr-unixsocket/0.18/jnr-unixsocket-0.18.jar:/home/mateusz/.m2/repository/com/github/jnr/jnr-ffi/2.1.4/jnr-ffi-2.1.4.jar:/home/mateusz/.m2/repository/com/github/jnr/jffi/1.2.15/jffi-1.2.15.jar:/home/mateusz/.m2/repository/com/github/jnr/jffi/1.2.15/jffi-1.2.15-native.jar:/home/mateusz/.m2/repository/org/ow2/asm/asm-commons/5.0.3/asm-commons-5.0.3.jar:/home/mateusz/.m2/repository/org/ow2/asm/asm-analysis/5.0.3/asm-analysis-5.0.3.jar:/home/mateusz/.m2/repository/org/ow2/asm/asm-tree/5.0.3/asm-tree-5.0.3.jar:/home/mateusz/.m2/repository/org/ow2/asm/asm-util/5.0.3/asm-util-5.0.3.jar:/home/mateusz/.m2/repository/com/github/jnr/jnr-x86asm/1.0.2/jnr-x86asm-1.0.2.jar:/home/mateusz/.m2/repository/com/github/jnr/jnr-constants/0.9.8/jnr-constants-0.9.8.jar:/home/mateusz/.m2/repository/com/github/jnr/jnr-enxio/0.16/jnr-enxio-0.16.jar:/home/mateusz/.m2/repository/com/github/jnr/jnr-posix/3.0.35/jnr-posix-3.0.35.jar:/home/mateusz/.m2/repository/commons-lang/commons-lang/2.6/commons-lang-2.6.jar:/home/mateusz/.m2/repository/org/bouncycastle/bcpkix-jdk15on/1.60/bcpkix-jdk15on-1.60.jar:/home/mateusz/.m2/repository/org/bouncycastle/bcprov-jdk15on/1.60/bcprov-jdk15on-1.60.jar:/home/mateusz/.m2/repository/com/codeborne/phantomjsdriver/1.4.4/phantomjsdriver-1.4.4.jar:/home/mateusz/.m2/repository/org/slf4j/slf4j-api/1.7.25/slf4j-api-1.7.25.jar:/home/mateusz/.m2/repository/ch/qos/logback/logback-classic/1.2.3/logback-classic-1.2.3.jar:/home/mateusz/.m2/repository/ch/qos/logback/logback-core/1.2.3/logback-core-1.2.3.jar:/home/mateusz/.m2/repository/com/squareup/retrofit2/retrofit/2.5.0/retrofit-2.5.0.jar:/home/mateusz/.m2/repository/com/squareup/retrofit2/adapter-rxjava/2.5.0/adapter-rxjava-2.5.0.jar:/home/mateusz/.m2/repository/io/reactivex/rxjava/1.3.0/rxjava-1.3.0.jar:/home/mateusz/.m2/repository/com/squareup/retrofit2/converter-gson/2.5.0/converter-gson-2.5.0.jar:/home/mateusz/.m2/repository/io/github/bonigarcia/webdrivermanager/3.4.0/webdrivermanager-3.4.0.jar:/home/mateusz/.m2/repository/commons-io/commons-io/2.6/commons-io-2.6.jar:/home/mateusz/.m2/repository/com/google/code/gson/gson/2.8.5/gson-2.8.5.jar:/home/mateusz/.m2/repository/org/apache/commons/commons-lang3/3.8.1/commons-lang3-3.8.1.jar:/home/mateusz/.m2/repository/org/apache/httpcomponents/httpclient/4.5.6/httpclient-4.5.6.jar:/home/mateusz/.m2/repository/commons-logging/commons-logging/1.2/commons-logging-1.2.jar:/home/mateusz/.m2/repository/commons-codec/commons-codec/1.10/commons-codec-1.10.jar:/home/mateusz/.m2/repository/org/rauschig/jarchivelib/1.0.0/jarchivelib-1.0.0.jar:/home/mateusz/.m2/repository/org/jsoup/jsoup/1.11.3/jsoup-1.11.3.jar:/home/mateusz/.m2/repository/org/seleniumhq/selenium/htmlunit-driver/2.35.1/htmlunit-driver-2.35.1.jar:/home/mateusz/.m2/repository/net/sourceforge/htmlunit/htmlunit/2.35.0/htmlunit-2.35.0.jar:/home/mateusz/.m2/repository/xalan/xalan/2.7.2/xalan-2.7.2.jar:/home/mateusz/.m2/repository/xalan/serializer/2.7.2/serializer-2.7.2.jar:/home/mateusz/.m2/repository/org/apache/commons/commons-text/1.6/commons-text-1.6.jar:/home/mateusz/.m2/repository/org/apache/httpcomponents/httpmime/4.5.8/httpmime-4.5.8.jar:/home/mateusz/.m2/repository/net/sourceforge/htmlunit/htmlunit-core-js/2.35.0/htmlunit-core-js-2.35.0.jar:/home/mateusz/.m2/repository/net/sourceforge/htmlunit/neko-htmlunit/2.35.0/neko-htmlunit-2.35.0.jar:/home/mateusz/.m2/repository/xerces/xercesImpl/2.12.0/xercesImpl-2.12.0.jar:/home/mateusz/.m2/repository/xml-apis/xml-apis/1.4.01/xml-apis-1.4.01.jar:/home/mateusz/.m2/repository/net/sourceforge/htmlunit/htmlunit-cssparser/1.4.0/htmlunit-cssparser-1.4.0.jar:/home/mateusz/.m2/repository/commons-net/commons-net/3.6/commons-net-3.6.jar:/home/mateusz/.m2/repository/org/eclipse/jetty/websocket/websocket-client/9.4.16.v20190411/websocket-client-9.4.16.v20190411.jar:/home/mateusz/.m2/repository/org/eclipse/jetty/jetty-client/9.4.16.v20190411/jetty-client-9.4.16.v20190411.jar:/home/mateusz/.m2/repository/org/eclipse/jetty/jetty-http/9.4.16.v20190411/jetty-http-9.4.16.v20190411.jar:/home/mateusz/.m2/repository/org/eclipse/jetty/jetty-xml/9.4.16.v20190411/jetty-xml-9.4.16.v20190411.jar:/home/mateusz/.m2/repository/org/eclipse/jetty/jetty-util/9.4.16.v20190411/jetty-util-9.4.16.v20190411.jar:/home/mateusz/.m2/repository/org/eclipse/jetty/jetty-io/9.4.16.v20190411/jetty-io-9.4.16.v20190411.jar:/home/mateusz/.m2/repository/org/eclipse/jetty/websocket/websocket-common/9.4.16.v20190411/websocket-common-9.4.16.v20190411.jar:/home/mateusz/.m2/repository/org/eclipse/jetty/websocket/websocket-api/9.4.16.v20190411/websocket-api-9.4.16.v20190411.jar:"/>
    <property name="sun.cpu.endian" value="little"/>
    <property name="user.home" value="/home/mateusz"/>
    <property name="user.language" value="pl"/>
    <property name="java.specification.vendor" value="Oracle Corporation"/>
    <property name="java.version.date" value="2019-09-17"/>
    <property name="java.home" value="/usr/lib/jvm/java-13-openjdk-amd64"/>
    <property name="file.separator" value="/"/>
    <property name="basedir" value="/home/mateusz/TravisTestSh"/>
    <property name="java.vm.compressedOopsMode" value="Zero based"/>
    <property name="line.separator" value="&#10;"/>
    <property name="java.specification.name" value="Java Platform API Specification"/>
    <property name="java.vm.specification.vendor" value="Oracle Corporation"/>
    <property name="java.awt.graphicsenv" value="sun.awt.X11GraphicsEnvironment"/>
    <property name="surefire.real.class.path" value="/home/mateusz/TravisTestSh/target/surefire/surefirebooter4808703491886030491.jar"/>
    <property name="sun.management.compiler" value="HotSpot 64-Bit Tiered Compilers"/>
    <property name="java.runtime.version" value="13+13-Ubuntu-0ubunt1"/>
    <property name="user.name" value="mateusz"/>
    <property name="path.separator" value=":"/>
    <property name="os.version" value="5.0.0-13-generic"/>
    <property name="java.runtime.name" value="OpenJDK Runtime Environment"/>
    <property name="file.encoding" value="UTF-8"/>
    <property name="java.vm.name" value="OpenJDK 64-Bit Server VM"/>
    <property name="localRepository" value="/home/mateusz/.m2/repository"/>
    <property name="java.vendor.url.bug" value="https://bugs.launchpad.net/ubuntu/+source/openjdk-13"/>
    <property name="java.io.tmpdir" value="/tmp"/>
    <property name="java.version" value="13"/>
    <property name="user.dir" value="/home/mateusz/TravisTestSh"/>
    <property name="os.arch" value="amd64"/>
    <property name="java.vm.specification.name" value="Java Virtual Machine Specification"/>
    <property name="java.library.path" value="/usr/java/packages/lib:/usr/lib/x86_64-linux-gnu/jni:/lib/x86_64-linux-gnu:/usr/lib/x86_64-linux-gnu:/usr/lib/jni:/lib:/usr/lib"/>
    <property name="java.vm.info" value="mixed mode, sharing"/>
    <property name="java.vendor" value="Ubuntu"/>
    <property name="java.vm.version" value="13+13-Ubuntu-0ubunt1"/>
    <property name="sun.io.unicode.encoding" value="UnicodeLittle"/>
    <property name="java.class.version" value="57.0"/>
  </properties>
  <testcase name="searchGoogle" classname="pageObjectDemo.PageObjectGoogleTest" time="1.486"/>
</testsuite>